  botAStar.cpp
  botRandom.cpp
  dijkstra.cpp
C:\Users\ernes\Downloads\19696934_Assignment_2\PathFinderCpp\dijkstra.cpp(23,26): warning C4244: '=': conversion from 'float' to 'int', possible loss of data
C:\Users\ernes\Downloads\19696934_Assignment_2\PathFinderCpp\dijkstra.cpp(53,45): warning C4244: '=': conversion from 'double' to 'float', possible loss of data
C:\Users\ernes\Downloads\19696934_Assignment_2\PathFinderCpp\dijkstra.cpp(105,16): warning C4244: 'initializing': conversion from 'double' to 'int', possible loss of data
C:\Users\ernes\Downloads\19696934_Assignment_2\PathFinderCpp\dijkstra.cpp(114,17): warning C4244: 'initializing': conversion from 'double' to 'float', possible loss of data
C:\Users\ernes\Downloads\19696934_Assignment_2\PathFinderCpp\dijkstra.cpp(115,17): warning C4244: 'initializing': conversion from 'double' to 'float', possible loss of data
C:\Users\ernes\Downloads\19696934_Assignment_2\PathFinderCpp\dijkstra.cpp(124,34): warning C4244: '=': conversion from 'double' to 'float', possible loss of data
C:\Users\ernes\Downloads\19696934_Assignment_2\PathFinderCpp\dijkstra.cpp(129,22): warning C4244: '=': conversion from 'double' to 'float', possible loss of data
C:\Users\ernes\Downloads\19696934_Assignment_2\PathFinderCpp\dijkstra.cpp(134,28): warning C4244: '=': conversion from 'float' to 'int', possible loss of data
C:\Users\ernes\Downloads\19696934_Assignment_2\PathFinderCpp\dijkstra.cpp(161,45): warning C4244: '=': conversion from 'double' to 'float', possible loss of data
  dynamic.cpp
C:\Users\ernes\Downloads\19696934_Assignment_2\PathFinderCpp\dynamic.cpp(45,13): warning C4244: 'initializing': conversion from 'int' to 'float', possible loss of data
C:\Users\ernes\Downloads\19696934_Assignment_2\PathFinderCpp\dynamic.cpp(46,13): warning C4244: 'initializing': conversion from 'int' to 'float', possible loss of data
C:\Users\ernes\Downloads\19696934_Assignment_2\PathFinderCpp\dynamic.cpp(55,15): warning C4244: '=': conversion from 'float' to 'int', possible loss of data
C:\Users\ernes\Downloads\19696934_Assignment_2\PathFinderCpp\dynamic.cpp(56,15): warning C4244: '=': conversion from 'float' to 'int', possible loss of data
C:\Users\ernes\Downloads\19696934_Assignment_2\PathFinderCpp\dynamic.cpp(78,12): warning C4244: '=': conversion from 'float' to 'int', possible loss of data
  level.cpp
  main.cpp
  Generating Code...
  PathFinderCpp.vcxproj -> C:\Users\ernes\Downloads\19696934_Assignment_2\PathFinderCpp\Debug\PathFinderCpp.exe
